0 info it worked if it ends with ok
1 verbose cli [ '/usr/local/bin/node', '/usr/local/bin/npm', 'install', 'web3' ]
2 info using npm@3.10.10
3 info using node@v6.10.0
4 silly loadCurrentTree Starting
5 silly install loadCurrentTree
6 silly install readLocalPackageData
7 silly fetchPackageMetaData web3@^1.0.0
8 silly fetchNamedPackageData web3
9 silly mapToRegistry name web3
10 silly mapToRegistry using default registry
11 silly mapToRegistry registry https://registry.npmjs.org/
12 silly mapToRegistry data Result {
12 silly mapToRegistry   raw: 'web3',
12 silly mapToRegistry   scope: null,
12 silly mapToRegistry   escapedName: 'web3',
12 silly mapToRegistry   name: 'web3',
12 silly mapToRegistry   rawSpec: '',
12 silly mapToRegistry   spec: 'latest',
12 silly mapToRegistry   type: 'tag' }
13 silly mapToRegistry uri https://registry.npmjs.org/web3
14 verbose request uri https://registry.npmjs.org/web3
15 verbose request no auth needed
16 info attempt registry request try #1 at 3:33:38 AM
17 verbose request id 7fe50480a65d97f0
18 verbose etag W/"b573248ecd49174fc6d26b84c02b2958"
19 verbose lastModified Sun, 27 May 2018 21:39:51 GMT
20 http request GET https://registry.npmjs.org/web3
21 http 304 https://registry.npmjs.org/web3
22 verbose headers { date: 'Thu, 31 May 2018 20:33:43 GMT',
22 verbose headers   connection: 'keep-alive',
22 verbose headers   'set-cookie': [ '__cfduid=d5ea6ed658640237279eeb4df20e29c751527798823; expires=Fri, 31-May-19 20:33:43 GMT; path=/; domain=.registry.npmjs.org; HttpOnly' ],
22 verbose headers   'cache-control': 'max-age=300',
22 verbose headers   'cf-cache-status': 'HIT',
22 verbose headers   'cf-ray': '423c37962e0b49d3-BKK',
22 verbose headers   etag: '"b573248ecd49174fc6d26b84c02b2958"',
22 verbose headers   'expect-ct': 'max-age=604800, report-uri="https://report-uri.cloudflare.com/cdn-cgi/beacon/expect-ct"',
22 verbose headers   'last-modified': 'Sun, 27 May 2018 21:39:51 GMT',
22 verbose headers   vary: 'accept-encoding, accept',
22 verbose headers   server: 'cloudflare' }
23 silly get cb [ 304,
23 silly get   { date: 'Thu, 31 May 2018 20:33:43 GMT',
23 silly get     connection: 'keep-alive',
23 silly get     'set-cookie': [ '__cfduid=d5ea6ed658640237279eeb4df20e29c751527798823; expires=Fri, 31-May-19 20:33:43 GMT; path=/; domain=.registry.npmjs.org; HttpOnly' ],
23 silly get     'cache-control': 'max-age=300',
23 silly get     'cf-cache-status': 'HIT',
23 silly get     'cf-ray': '423c37962e0b49d3-BKK',
23 silly get     etag: '"b573248ecd49174fc6d26b84c02b2958"',
23 silly get     'expect-ct': 'max-age=604800, report-uri="https://report-uri.cloudflare.com/cdn-cgi/beacon/expect-ct"',
23 silly get     'last-modified': 'Sun, 27 May 2018 21:39:51 GMT',
23 silly get     vary: 'accept-encoding, accept',
23 silly get     server: 'cloudflare' } ]
24 verbose etag https://registry.npmjs.org/web3 from cache
25 verbose get saving web3 to /Users/weerakaew-uan/.npm/registry.npmjs.org/web3/.cache.json
26 verbose correctMkdir /Users/weerakaew-uan/.npm correctMkdir not in flight; initializing
27 silly fetchNamedPackageData No valid target from cache, forcing network
28 verbose request uri https://registry.npmjs.org/web3
29 verbose request no auth needed
30 info attempt registry request try #1 at 3:33:40 AM
31 http request GET https://registry.npmjs.org/web3
32 http 200 https://registry.npmjs.org/web3
33 verbose headers { date: 'Thu, 31 May 2018 20:33:43 GMT',
33 verbose headers   'content-type': 'application/json; charset=UTF-8',
33 verbose headers   'transfer-encoding': 'chunked',
33 verbose headers   connection: 'keep-alive',
33 verbose headers   'set-cookie': [ '__cfduid=d5ea6ed658640237279eeb4df20e29c751527798823; expires=Fri, 31-May-19 20:33:43 GMT; path=/; domain=.registry.npmjs.org; HttpOnly' ],
33 verbose headers   'cache-control': 'max-age=300',
33 verbose headers   'cf-cache-status': 'HIT',
33 verbose headers   'cf-ray': '423c3796be3d49d3-BKK',
33 verbose headers   etag: 'W/"b573248ecd49174fc6d26b84c02b2958"',
33 verbose headers   'expect-ct': 'max-age=604800, report-uri="https://report-uri.cloudflare.com/cdn-cgi/beacon/expect-ct"',
33 verbose headers   'last-modified': 'Sun, 27 May 2018 21:39:51 GMT',
33 verbose headers   vary: 'accept-encoding, accept',
33 verbose headers   server: 'cloudflare',
33 verbose headers   'content-encoding': 'gzip' }
34 silly get cb [ 200,
34 silly get   { date: 'Thu, 31 May 2018 20:33:43 GMT',
34 silly get     'content-type': 'application/json; charset=UTF-8',
34 silly get     'transfer-encoding': 'chunked',
34 silly get     connection: 'keep-alive',
34 silly get     'set-cookie': [ '__cfduid=d5ea6ed658640237279eeb4df20e29c751527798823; expires=Fri, 31-May-19 20:33:43 GMT; path=/; domain=.registry.npmjs.org; HttpOnly' ],
34 silly get     'cache-control': 'max-age=300',
34 silly get     'cf-cache-status': 'HIT',
34 silly get     'cf-ray': '423c3796be3d49d3-BKK',
34 silly get     etag: 'W/"b573248ecd49174fc6d26b84c02b2958"',
34 silly get     'expect-ct': 'max-age=604800, report-uri="https://report-uri.cloudflare.com/cdn-cgi/beacon/expect-ct"',
34 silly get     'last-modified': 'Sun, 27 May 2018 21:39:51 GMT',
34 silly get     vary: 'accept-encoding, accept',
34 silly get     server: 'cloudflare',
34 silly get     'content-encoding': 'gzip' } ]
35 verbose get saving web3 to /Users/weerakaew-uan/.npm/registry.npmjs.org/web3/.cache.json
36 verbose correctMkdir /Users/weerakaew-uan/.npm correctMkdir not in flight; initializing
37 silly fetchPackageMetaData Error: No compatible version found: web3@^1.0.0
37 silly fetchPackageMetaData Valid install targets:
37 silly fetchPackageMetaData 1.0.0-beta2, 1.0.0-beta1, 1.0.0-beta.34, 1.0.0-beta.33, 1.0.0-beta.32, 1.0.0-beta.31, 1.0.0-beta.30, 1.0.0-beta.29, 1.0.0-beta.28, 1.0.0-beta.27, 1.0.0-beta.26, 1.0.0-beta.25, 1.0.0-beta.24, 1.0.0-beta.23, 1.0.0-beta.22, 1.0.0-beta.21, 1.0.0-beta.20, 1.0.0-beta.19, 1.0.0-beta.18, 1.0.0-beta.17, 1.0.0-beta.16, 1.0.0-beta.15, 1.0.0-beta.14, 1.0.0-beta.13, 1.0.0-beta.12, 1.0.0-beta.11, 1.0.0-beta.10, 1.0.0-beta.9, 1.0.0-beta.7, 1.0.0-beta.6, 1.0.0-beta.5, 1.0.0-beta.4, 1.0.0-beta.3, 1.0.0-beta.2, 1.0.0-beta.1, 0.20.6, 0.20.5, 0.20.4, 0.20.3, 0.20.2, 0.20.1, 0.20.0, 0.19.1, 0.19.0, 0.18.4, 0.18.2, 0.18.1, 0.18.0, 0.17.0-beta, 0.17.0-alpha, 0.16.0, 0.15.3, 0.15.2, 0.15.1, 0.15.0, 0.14.1, 0.14.0, 0.13.0, 0.12.2, 0.12.1, 0.12.0, 0.11.0, 0.10.0, 0.9.2, 0.9.1, 0.9.0, 0.8.1, 0.8.0, 0.7.1, 0.7.0, 0.6.0, 0.5.0, 0.4.3, 0.4.2, 0.4.1, 0.4.0, 0.3.6, 0.3.4, 0.3.3, 0.3.2, 0.3.1, 0.3.0, 0.2.8, 0.2.7, 0.2.6, 0.2.5
37 silly fetchPackageMetaData
37 silly fetchPackageMetaData     at pickVersionFromRegistryDocument (/usr/local/lib/node_modules/npm/lib/fetch-package-metadata.js:178:16)
37 silly fetchPackageMetaData     at /usr/local/lib/node_modules/npm/node_modules/iferr/index.js:13:50
37 silly fetchPackageMetaData     at /usr/local/lib/node_modules/npm/lib/utils/pulse-till-done.js:20:8
37 silly fetchPackageMetaData     at saved (/usr/local/lib/node_modules/npm/lib/cache/caching-client.js:174:7)
37 silly fetchPackageMetaData     at /usr/local/lib/node_modules/npm/node_modules/graceful-fs/polyfills.js:241:18
37 silly fetchPackageMetaData     at FSReqWrap.oncomplete (fs.js:123:15)
37 silly fetchPackageMetaData  error for web3@^1.0.0 { Error: No compatible version found: web3@^1.0.0
37 silly fetchPackageMetaData Valid install targets:
37 silly fetchPackageMetaData 1.0.0-beta2, 1.0.0-beta1, 1.0.0-beta.34, 1.0.0-beta.33, 1.0.0-beta.32, 1.0.0-beta.31, 1.0.0-beta.30, 1.0.0-beta.29, 1.0.0-beta.28, 1.0.0-beta.27, 1.0.0-beta.26, 1.0.0-beta.25, 1.0.0-beta.24, 1.0.0-beta.23, 1.0.0-beta.22, 1.0.0-beta.21, 1.0.0-beta.20, 1.0.0-beta.19, 1.0.0-beta.18, 1.0.0-beta.17, 1.0.0-beta.16, 1.0.0-beta.15, 1.0.0-beta.14, 1.0.0-beta.13, 1.0.0-beta.12, 1.0.0-beta.11, 1.0.0-beta.10, 1.0.0-beta.9, 1.0.0-beta.7, 1.0.0-beta.6, 1.0.0-beta.5, 1.0.0-beta.4, 1.0.0-beta.3, 1.0.0-beta.2, 1.0.0-beta.1, 0.20.6, 0.20.5, 0.20.4, 0.20.3, 0.20.2, 0.20.1, 0.20.0, 0.19.1, 0.19.0, 0.18.4, 0.18.2, 0.18.1, 0.18.0, 0.17.0-beta, 0.17.0-alpha, 0.16.0, 0.15.3, 0.15.2, 0.15.1, 0.15.0, 0.14.1, 0.14.0, 0.13.0, 0.12.2, 0.12.1, 0.12.0, 0.11.0, 0.10.0, 0.9.2, 0.9.1, 0.9.0, 0.8.1, 0.8.0, 0.7.1, 0.7.0, 0.6.0, 0.5.0, 0.4.3, 0.4.2, 0.4.1, 0.4.0, 0.3.6, 0.3.4, 0.3.3, 0.3.2, 0.3.1, 0.3.0, 0.2.8, 0.2.7, 0.2.6, 0.2.5
37 silly fetchPackageMetaData
37 silly fetchPackageMetaData     at pickVersionFromRegistryDocument (/usr/local/lib/node_modules/npm/lib/fetch-package-metadata.js:178:16)
37 silly fetchPackageMetaData     at /usr/local/lib/node_modules/npm/node_modules/iferr/index.js:13:50
37 silly fetchPackageMetaData     at /usr/local/lib/node_modules/npm/lib/utils/pulse-till-done.js:20:8
37 silly fetchPackageMetaData     at saved (/usr/local/lib/node_modules/npm/lib/cache/caching-client.js:174:7)
37 silly fetchPackageMetaData     at /usr/local/lib/node_modules/npm/node_modules/graceful-fs/polyfills.js:241:18
37 silly fetchPackageMetaData     at FSReqWrap.oncomplete (fs.js:123:15) code: 'ETARGET' }
38 silly rollbackFailedOptional Starting
39 silly rollbackFailedOptional Finishing
40 silly runTopLevelLifecycles Finishing
41 silly install printInstalled
42 verbose stack Error: No compatible version found: web3@^1.0.0
42 verbose stack Valid install targets:
42 verbose stack 1.0.0-beta2, 1.0.0-beta1, 1.0.0-beta.34, 1.0.0-beta.33, 1.0.0-beta.32, 1.0.0-beta.31, 1.0.0-beta.30, 1.0.0-beta.29, 1.0.0-beta.28, 1.0.0-beta.27, 1.0.0-beta.26, 1.0.0-beta.25, 1.0.0-beta.24, 1.0.0-beta.23, 1.0.0-beta.22, 1.0.0-beta.21, 1.0.0-beta.20, 1.0.0-beta.19, 1.0.0-beta.18, 1.0.0-beta.17, 1.0.0-beta.16, 1.0.0-beta.15, 1.0.0-beta.14, 1.0.0-beta.13, 1.0.0-beta.12, 1.0.0-beta.11, 1.0.0-beta.10, 1.0.0-beta.9, 1.0.0-beta.7, 1.0.0-beta.6, 1.0.0-beta.5, 1.0.0-beta.4, 1.0.0-beta.3, 1.0.0-beta.2, 1.0.0-beta.1, 0.20.6, 0.20.5, 0.20.4, 0.20.3, 0.20.2, 0.20.1, 0.20.0, 0.19.1, 0.19.0, 0.18.4, 0.18.2, 0.18.1, 0.18.0, 0.17.0-beta, 0.17.0-alpha, 0.16.0, 0.15.3, 0.15.2, 0.15.1, 0.15.0, 0.14.1, 0.14.0, 0.13.0, 0.12.2, 0.12.1, 0.12.0, 0.11.0, 0.10.0, 0.9.2, 0.9.1, 0.9.0, 0.8.1, 0.8.0, 0.7.1, 0.7.0, 0.6.0, 0.5.0, 0.4.3, 0.4.2, 0.4.1, 0.4.0, 0.3.6, 0.3.4, 0.3.3, 0.3.2, 0.3.1, 0.3.0, 0.2.8, 0.2.7, 0.2.6, 0.2.5
42 verbose stack
42 verbose stack     at pickVersionFromRegistryDocument (/usr/local/lib/node_modules/npm/lib/fetch-package-metadata.js:178:16)
42 verbose stack     at /usr/local/lib/node_modules/npm/node_modules/iferr/index.js:13:50
42 verbose stack     at /usr/local/lib/node_modules/npm/lib/utils/pulse-till-done.js:20:8
42 verbose stack     at saved (/usr/local/lib/node_modules/npm/lib/cache/caching-client.js:174:7)
42 verbose stack     at /usr/local/lib/node_modules/npm/node_modules/graceful-fs/polyfills.js:241:18
42 verbose stack     at FSReqWrap.oncomplete (fs.js:123:15)
43 verbose cwd /Work/FordLearning/Ethereum/Resume-in-Blockchain
44 error Darwin 17.5.0
45 error argv "/usr/local/bin/node" "/usr/local/bin/npm" "install" "web3"
46 error node v6.10.0
47 error npm  v3.10.10
48 error code ETARGET
49 error notarget No compatible version found: web3@^1.0.0
49 error notarget Valid install targets:
49 error notarget 1.0.0-beta2, 1.0.0-beta1, 1.0.0-beta.34, 1.0.0-beta.33, 1.0.0-beta.32, 1.0.0-beta.31, 1.0.0-beta.30, 1.0.0-beta.29, 1.0.0-beta.28, 1.0.0-beta.27, 1.0.0-beta.26, 1.0.0-beta.25, 1.0.0-beta.24, 1.0.0-beta.23, 1.0.0-beta.22, 1.0.0-beta.21, 1.0.0-beta.20, 1.0.0-beta.19, 1.0.0-beta.18, 1.0.0-beta.17, 1.0.0-beta.16, 1.0.0-beta.15, 1.0.0-beta.14, 1.0.0-beta.13, 1.0.0-beta.12, 1.0.0-beta.11, 1.0.0-beta.10, 1.0.0-beta.9, 1.0.0-beta.7, 1.0.0-beta.6, 1.0.0-beta.5, 1.0.0-beta.4, 1.0.0-beta.3, 1.0.0-beta.2, 1.0.0-beta.1, 0.20.6, 0.20.5, 0.20.4, 0.20.3, 0.20.2, 0.20.1, 0.20.0, 0.19.1, 0.19.0, 0.18.4, 0.18.2, 0.18.1, 0.18.0, 0.17.0-beta, 0.17.0-alpha, 0.16.0, 0.15.3, 0.15.2, 0.15.1, 0.15.0, 0.14.1, 0.14.0, 0.13.0, 0.12.2, 0.12.1, 0.12.0, 0.11.0, 0.10.0, 0.9.2, 0.9.1, 0.9.0, 0.8.1, 0.8.0, 0.7.1, 0.7.0, 0.6.0, 0.5.0, 0.4.3, 0.4.2, 0.4.1, 0.4.0, 0.3.6, 0.3.4, 0.3.3, 0.3.2, 0.3.1, 0.3.0, 0.2.8, 0.2.7, 0.2.6, 0.2.5
50 error notarget This is most likely not a problem with npm itself.
50 error notarget In most cases you or one of your dependencies are requesting
50 error notarget a package version that doesn't exist.
51 verbose exit [ 1, true ]
